This is pdfTeX, Version 3.1415926-1.40.10 (TeX Live 2009/Debian) (format=pdflatex 2013.1.7)  30 MAY 2013 18:04
entering extended mode
 %&-line parsing enabled.
**report.tex
(./report.tex
LaTeX2e <2009/09/24>
Babel <v3.8l> and hyphenation patterns for english, usenglishmax, dumylang, noh
yphenation, farsi, arabic, croatian, bulgarian, ukrainian, russian, czech, slov
ak, danish, dutch, finnish, french, basque, ngerman, german, german-x-2009-06-1
9, ngerman-x-2009-06-19, ibycus, monogreek, greek, ancientgreek, hungarian, san
skrit, italian, latin, latvian, lithuanian, mongolian2a, mongolian, bokmal, nyn
orsk, romanian, irish, coptic, serbian, turkish, welsh, esperanto, uppersorbian
, estonian, indonesian, interlingua, icelandic, kurmanji, slovenian, polish, po
rtuguese, spanish, galician, catalan, swedish, ukenglish, pinyin, loaded.
(/usr/share/texmf-texlive/tex/latex/revtex4/revtex4.cls
Document Class: revtex4 2001/08/02 v4.0 (http://publish.aps.org/revtex4/ for do
cumentation)
 Copyright (c) 2001 The American Physical Society.
 mailto:revtex@aps.org
 Licensed under the LPPL:
http://www.ctan.org/tex-archive/macros/latex/base/lppl.txt
 Arthur Ogawa <ogawa@teleport.com>
 Based on work by David Carlisle <david@dcarlisle.demon.co.uk>.
ltxutil: portions licensed from W. E. Baxter (web@superscript.com)
Class revtex4 Info: Repairing broken LateX \@sect on input line 596.
\intertabularlinepenalty=\count79
\@tbpen=\count80
\@arstrutbox@hline=\box26
Class revtex4 Info: Repairing broken LaTeX \@xbitor on input line 1610.
ltxgrid: portions licensed from W. E. Baxter (web@superscript.com)
\c@linecount=\count81
\output=\toks14
\@protection@box=\box27
\@topmark@saved=\toks15
\footins@saved=\box28
\pagesofar=\box29
\footbox=\box30
\pagegrid@col=\count82
Class revtex4 Info: Incorporating package {textcase}  [1998/11/12 v0.06 Text on
ly upper/lower case changing (DPC)]. on input line 3682.
(/usr/share/texmf-texlive/tex/latex/ltxmisc/url.sty
\Urlmuskip=\muskip10
Package: url 2006/04/12  ver 3.3  Verb mode for urls, etc.
)
\c@affil=\count83
\absbox=\box31
\c@part=\count84
\c@section=\count85
\c@subsection=\count86
\c@subsubsection=\count87
\c@paragraph=\count88
\c@subparagraph=\count89
\abovecaptionskip=\skip41
\belowcaptionskip=\skip42
\c@figure=\count90
\c@table=\count91

(/usr/share/texmf-texlive/tex/latex/natbib/natbib.sty
Package: natbib 2009/07/16 8.31 (PWD, AO)
\bibhang=\skip43
\bibsep=\skip44
LaTeX Info: Redefining \cite on input line 694.
\c@NAT@ctr=\count92
)
\widetext@top=\box32
\widetext@bot=\box33

(/usr/share/texmf-texlive/tex/latex/revtex4/revsymb.sty
Package: revsymb 2001/08/02 v4.0 (http://publish.aps.org/revtex4/ for documenta
tion)
LaTeX Info: Redefining \REV@mathfrak on input line 118.
))
(/usr/share/texmf-texlive/tex/latex/revtex4/aps.rtx
File: aps.rtx 2001/08/02 v4.0 (http://publish.aps.org/revtex4/ for documentatio
n)
)
(/usr/share/texmf-texlive/tex/latex/revtex4/10pt.rtx
File: 10pt.rtx 2001/08/02 v4.0 (http://publish.aps.org/revtex4/ for documentati
on)
)
(/usr/share/texmf-texlive/tex/latex/appendix/appendix.sty
Package: appendix 2009/09/02 v1.2b extra appendix facilities
\c@@pps=\count93
\c@@ppsavesec=\count94
\c@@ppsaveapp=\count95
)
(/usr/share/texmf-texlive/tex/latex/amsmath/amsmath.sty
Package: amsmath 2000/07/18 v2.13 AMS math features
\@mathmargin=\skip45

For additional information on amsmath, use the `?' option.
(/usr/share/texmf-texlive/tex/latex/amsmath/amstext.sty
Package: amstext 2000/06/29 v2.01

(/usr/share/texmf-texlive/tex/latex/amsmath/amsgen.sty
File: amsgen.sty 1999/11/30 v2.0
\@emptytoks=\toks16
\ex@=\dimen102
))
(/usr/share/texmf-texlive/tex/latex/amsmath/amsbsy.sty
Package: amsbsy 1999/11/29 v1.2d
\pmbraise@=\dimen103
)
(/usr/share/texmf-texlive/tex/latex/amsmath/amsopn.sty
Package: amsopn 1999/12/14 v2.01 operator names
)
\inf@bad=\count96
LaTeX Info: Redefining \frac on input line 211.
\uproot@=\count97
\leftroot@=\count98
LaTeX Info: Redefining \overline on input line 307.
\classnum@=\count99
\DOTSCASE@=\count100
LaTeX Info: Redefining \ldots on input line 379.
LaTeX Info: Redefining \dots on input line 382.
LaTeX Info: Redefining \cdots on input line 467.
\Mathstrutbox@=\box34
\strutbox@=\box35
\big@size=\dimen104
LaTeX Font Info:    Redeclaring font encoding OML on input line 567.
LaTeX Font Info:    Redeclaring font encoding OMS on input line 568.
\macc@depth=\count101
\c@MaxMatrixCols=\count102
\dotsspace@=\muskip11
\c@parentequation=\count103
\dspbrk@lvl=\count104
\tag@help=\toks17
\row@=\count105
\column@=\count106
\maxfields@=\count107
\andhelp@=\toks18
\eqnshift@=\dimen105
\alignsep@=\dimen106
\tagshift@=\dimen107
\tagwidth@=\dimen108
\totwidth@=\dimen109
\lineht@=\dimen110
\@envbody=\toks19
\multlinegap=\skip46
\multlinetaggap=\skip47
\mathdisplay@stack=\toks20
LaTeX Info: Redefining \[ on input line 2666.
LaTeX Info: Redefining \] on input line 2667.
)
(/usr/share/texmf-texlive/tex/latex/float/float.sty
Package: float 2001/11/08 v1.3d Float enhancements (AL)
\c@float@type=\count108
\float@exts=\toks21
\float@box=\box36
\@float@everytoks=\toks22
\@floatcapt=\box37
)
(/usr/share/texmf-texlive/tex/latex/amscls/amsthm.sty
Package: amsthm 2004/08/06 v2.20
\thm@style=\toks23
\thm@bodyfont=\toks24
\thm@headfont=\toks25
\thm@notefont=\toks26
\thm@headpunct=\toks27
\thm@preskip=\skip48
\thm@postskip=\skip49
\thm@headsep=\skip50
\dth@everypar=\toks28
)
(/usr/share/texmf-texlive/tex/latex/amsfonts/amsfonts.sty
Package: amsfonts 2009/06/22 v3.00 Basic AMSFonts support
\symAMSa=\mathgroup4
\symAMSb=\mathgroup5
LaTeX Font Info:    Overwriting math alphabet `\mathfrak' in version `bold'
(Font)                  U/euf/m/n --> U/euf/b/n on input line 96.
LaTeX Info: Redefining \frak on input line 99.
LaTeX Info: Redefining \Bbb on input line 101.
)
(/usr/share/texmf-texlive/tex/latex/graphics/graphicx.sty
Package: graphicx 1999/02/16 v1.0f Enhanced LaTeX Graphics (DPC,SPQR)

(/usr/share/texmf-texlive/tex/latex/graphics/keyval.sty
Package: keyval 1999/03/16 v1.13 key=value parser (DPC)
\KV@toks@=\toks29
)
(/usr/share/texmf-texlive/tex/latex/graphics/graphics.sty
Package: graphics 2009/02/05 v1.0o Standard LaTeX Graphics (DPC,SPQR)

(/usr/share/texmf-texlive/tex/latex/graphics/trig.sty
Package: trig 1999/03/16 v1.09 sin cos tan (DPC)
)
(/etc/texmf/tex/latex/config/graphics.cfg
File: graphics.cfg 2009/08/28 v1.8 graphics configuration of TeX Live
)
Package graphics Info: Driver file: pdftex.def on input line 91.

(/usr/share/texmf-texlive/tex/latex/pdftex-def/pdftex.def
File: pdftex.def 2010/03/12 v0.04p Graphics/color for pdfTeX
\Gread@gobject=\count109
))
\Gin@req@height=\dimen111
\Gin@req@width=\dimen112
)
(/usr/share/texmf-texlive/tex/latex/subfigure/subfigure.sty
Package: subfigure 2002/03/15 v2.1.5 subfigure package
\subfigtopskip=\skip51
\subfigcapskip=\skip52
\subfigcaptopadj=\dimen113
\subfigbottomskip=\skip53
\subfigcapmargin=\dimen114
\subfiglabelskip=\skip54
\c@subfigure=\count110
\c@lofdepth=\count111
\c@subtable=\count112
\c@lotdepth=\count113

****************************************
* Local config file subfigure.cfg used *
****************************************
(/usr/share/texmf-texlive/tex/latex/subfigure/subfigure.cfg)
\subfig@top=\skip55
\subfig@bottom=\skip56
)
(/usr/share/texmf-texlive/tex/latex/oberdiek/epstopdf.sty
Package: epstopdf 2009/10/17 v2.4 Conversion with epstopdf on the fly (HO)

(/usr/share/texmf-texlive/tex/latex/oberdiek/epstopdf-base.sty
Package: epstopdf-base 2009/10/17 v2.4 Base part for package epstopdf

(/usr/share/texmf-texlive/tex/generic/oberdiek/infwarerr.sty
Package: infwarerr 2007/09/09 v1.2 Providing info/warning/message (HO)
)
(/usr/share/texmf-texlive/tex/latex/oberdiek/grfext.sty
Package: grfext 2007/09/30 v1.0 Managing graphics extensions (HO)
)
(/usr/share/texmf-texlive/tex/latex/oberdiek/kvoptions.sty
Package: kvoptions 2009/08/13 v3.4 Keyval support for LaTeX options (HO)

(/usr/share/texmf-texlive/tex/generic/oberdiek/kvsetkeys.sty
Package: kvsetkeys 2009/07/30 v1.5 Key value parser with default handler suppor
t (HO)

(/usr/share/texmf-texlive/tex/generic/oberdiek/etexcmds.sty
Package: etexcmds 2007/12/12 v1.2 Prefix for e-TeX command names (HO)
Package etexcmds Info: Could not find \expanded.
(etexcmds)             That can mean that you are not using pdfTeX 1.50 or
(etexcmds)             that some package has redefined \expanded.
(etexcmds)             In the latter case, load this package earlier.
)))
(/usr/share/texmf-texlive/tex/generic/oberdiek/pdftexcmds.sty
Package: pdftexcmds 2009/09/23 v0.6 LuaTeX support for pdfTeX utility functions
 (HO)

(/usr/share/texmf-texlive/tex/generic/oberdiek/ifluatex.sty
Package: ifluatex 2009/04/17 v1.2 Provides the ifluatex switch (HO)
Package ifluatex Info: LuaTeX not detected.
)
(/usr/share/texmf-texlive/tex/generic/oberdiek/ltxcmds.sty
Package: ltxcmds 2009/08/05 v1.0 Some LaTeX kernel commands for general use (HO
)
)
Package pdftexcmds Info: LuaTeX not detected.
Package pdftexcmds Info: \pdf@primitive is available.
Package pdftexcmds Info: \pdf@ifprimitive is available.
)

Package epstopdf Warning: Shell escape feature is not enabled.

Package grfext Info: Graphics extension search list:
(grfext)             [.png,.pdf,.jpg,.mps,.jpeg,.jbig2,.jb2,.PNG,.PDF,.JPG,.JPE
G,.JBIG2,.JB2,.eps]
(grfext)             \AppendGraphicsExtensions on input line 433.
(/usr/share/texmf-texlive/tex/latex/latexconfig/epstopdf-sys.cfg
File: epstopdf-sys.cfg 2009/10/26 v1.1 Configuration of epstopdf for TeX Live
)))
(/usr/share/texmf-texlive/tex/latex/tools/verbatim.sty
Package: verbatim 2003/08/22 v1.5q LaTeX2e package for verbatim enhancements
\every@verbatim=\toks30
\verbatim@line=\toks31
\verbatim@in@stream=\read1
)
(/usr/share/texmf-texlive/tex/latex/amsfonts/amssymb.sty
Package: amssymb 2009/06/22 v3.00
)
(/usr/share/texmf-texlive/tex/latex/hyperref/hyperref.sty
Package: hyperref 2009/10/09 v6.79a Hypertext links for LaTeX

(/usr/share/texmf-texlive/tex/generic/oberdiek/ifpdf.sty
Package: ifpdf 2009/04/10 v2.0 Provides the ifpdf switch (HO)
Package ifpdf Info: pdfTeX in pdf mode detected.
)
(/usr/share/texmf-texlive/tex/generic/oberdiek/ifvtex.sty
Package: ifvtex 2008/11/04 v1.4 Switches for detecting VTeX and its modes (HO)
Package ifvtex Info: VTeX not detected.
)
(/usr/share/texmf-texlive/tex/generic/ifxetex/ifxetex.sty
Package: ifxetex 2009/01/23 v0.5 Provides ifxetex conditional
)
(/usr/share/texmf-texlive/tex/latex/oberdiek/hycolor.sty
Package: hycolor 2009/10/02 v1.5 Code for color options of hyperref/bookmark (H
O)

(/usr/share/texmf-texlive/tex/latex/oberdiek/xcolor-patch.sty
Package: xcolor-patch 2009/10/02 xcolor patch
))
\@linkdim=\dimen115
\Hy@linkcounter=\count114
\Hy@pagecounter=\count115

(/usr/share/texmf-texlive/tex/latex/hyperref/pd1enc.def
File: pd1enc.def 2009/10/09 v6.79a Hyperref: PDFDocEncoding definition (HO)
)

Package hyperref Warning: Height of page (\paperheight) is invalid (0.0pt),
(hyperref)                using 11in.

(/usr/share/texmf-texlive/tex/latex/latexconfig/hyperref.cfg
File: hyperref.cfg 2002/06/06 v1.2 hyperref configuration of TeXLive
)
Package hyperref Info: Option `colorlinks' set `true' on input line 2864.
Package hyperref Info: Option `breaklinks' set `true' on input line 2864.
Package hyperref Info: Hyper figures OFF on input line 2975.
Package hyperref Info: Link nesting OFF on input line 2980.
Package hyperref Info: Hyper index ON on input line 2983.
Package hyperref Info: Plain pages OFF on input line 2990.
Package hyperref Info: Backreferencing OFF on input line 2995.

Implicit mode ON; LaTeX internals redefined
Package hyperref Info: Bookmarks ON on input line 3191.
LaTeX Info: Redefining \url on input line 3428.
(/usr/share/texmf-texlive/tex/generic/oberdiek/bitset.sty
Package: bitset 2007/09/28 v1.0 Data type bit set (HO)

(/usr/share/texmf-texlive/tex/generic/oberdiek/intcalc.sty
Package: intcalc 2007/09/27 v1.1 Expandable integer calculations (HO)
)
(/usr/share/texmf-texlive/tex/generic/oberdiek/bigintcalc.sty
Package: bigintcalc 2007/11/11 v1.1 Expandable big integer calculations (HO)
))
\Fld@menulength=\count116
\Field@Width=\dimen116
\Fld@charsize=\dimen117
\Field@toks=\toks32
Package hyperref Info: Hyper figures OFF on input line 4377.
Package hyperref Info: Link nesting OFF on input line 4382.
Package hyperref Info: Hyper index ON on input line 4385.
Package hyperref Info: backreferencing OFF on input line 4392.
Package hyperref Info: Link coloring ON on input line 4395.
Package hyperref Info: Link coloring with OCG OFF on input line 4402.
Package hyperref Info: PDF/A mode OFF on input line 4407.

(/usr/share/texmf-texlive/tex/generic/oberdiek/atbegshi.sty
Package: atbegshi 2008/07/31 v1.9 At begin shipout hook (HO)
)
\Hy@abspage=\count117
\c@Item=\count118
\c@Hfootnote=\count119
)
*hyperref using driver hpdftex*
(/usr/share/texmf-texlive/tex/latex/hyperref/hpdftex.def
File: hpdftex.def 2009/10/09 v6.79a Hyperref driver for pdfTeX
\Fld@listcount=\count120
)
(/usr/share/texmf-texlive/tex/latex/listings/listings.sty
\lst@mode=\count121
\lst@gtempboxa=\box38
\lst@token=\toks33
\lst@length=\count122
\lst@currlwidth=\dimen118
\lst@column=\count123
\lst@pos=\count124
\lst@lostspace=\dimen119
\lst@width=\dimen120
\lst@newlines=\count125
\lst@lineno=\count126
\lst@maxwidth=\dimen121

(/usr/share/texmf-texlive/tex/latex/listings/lstmisc.sty
File: lstmisc.sty 2007/02/22 1.4 (Carsten Heinz)
\c@lstnumber=\count127
\lst@skipnumbers=\count128
\lst@framebox=\box39
)
(/usr/share/texmf-texlive/tex/latex/listings/listings.cfg
File: listings.cfg 2007/02/22 1.4 listings configuration
))
Package: listings 2007/02/22 1.4 (Carsten Heinz)

(/usr/share/texmf-texlive/tex/latex/graphics/color.sty
Package: color 2005/11/14 v1.0j Standard LaTeX Color (DPC)

(/etc/texmf/tex/latex/config/color.cfg
File: color.cfg 2007/01/18 v1.5 color configuration of teTeX/TeXLive
)
Package color Info: Driver file: pdftex.def on input line 130.
)
(/usr/share/texmf-texlive/tex/latex/base/textcomp.sty
Package: textcomp 2005/09/27 v1.99g Standard LaTeX package
Package textcomp Info: Sub-encoding information:
(textcomp)               5 = only ISO-Adobe without \textcurrency
(textcomp)               4 = 5 + \texteuro
(textcomp)               3 = 4 + \textohm
(textcomp)               2 = 3 + \textestimated + \textcurrency
(textcomp)               1 = TS1 - \textcircled - \t
(textcomp)               0 = TS1 (full)
(textcomp)             Font families with sub-encoding setting implement
(textcomp)             only a restricted character set as indicated.
(textcomp)             Family '?' is the default used for unknown fonts.
(textcomp)             See the documentation for details.
Package textcomp Info: Setting ? sub-encoding to TS1/1 on input line 71.

(/usr/share/texmf-texlive/tex/latex/base/ts1enc.def
File: ts1enc.def 2001/06/05 v3.0e (jk/car/fm) Standard LaTeX file
)
LaTeX Info: Redefining \oldstylenums on input line 266.
Package textcomp Info: Setting cmr sub-encoding to TS1/0 on input line 281.
Package textcomp Info: Setting cmss sub-encoding to TS1/0 on input line 282.
Package textcomp Info: Setting cmtt sub-encoding to TS1/0 on input line 283.
Package textcomp Info: Setting cmvtt sub-encoding to TS1/0 on input line 284.
Package textcomp Info: Setting cmbr sub-encoding to TS1/0 on input line 285.
Package textcomp Info: Setting cmtl sub-encoding to TS1/0 on input line 286.
Package textcomp Info: Setting ccr sub-encoding to TS1/0 on input line 287.
Package textcomp Info: Setting ptm sub-encoding to TS1/4 on input line 288.
Package textcomp Info: Setting pcr sub-encoding to TS1/4 on input line 289.
Package textcomp Info: Setting phv sub-encoding to TS1/4 on input line 290.
Package textcomp Info: Setting ppl sub-encoding to TS1/3 on input line 291.
Package textcomp Info: Setting pag sub-encoding to TS1/4 on input line 292.
Package textcomp Info: Setting pbk sub-encoding to TS1/4 on input line 293.
Package textcomp Info: Setting pnc sub-encoding to TS1/4 on input line 294.
Package textcomp Info: Setting pzc sub-encoding to TS1/4 on input line 295.
Package textcomp Info: Setting bch sub-encoding to TS1/4 on input line 296.
Package textcomp Info: Setting put sub-encoding to TS1/5 on input line 297.
Package textcomp Info: Setting uag sub-encoding to TS1/5 on input line 298.
Package textcomp Info: Setting ugq sub-encoding to TS1/5 on input line 299.
Package textcomp Info: Setting ul8 sub-encoding to TS1/4 on input line 300.
Package textcomp Info: Setting ul9 sub-encoding to TS1/4 on input line 301.
Package textcomp Info: Setting augie sub-encoding to TS1/5 on input line 302.
Package textcomp Info: Setting dayrom sub-encoding to TS1/3 on input line 303.
Package textcomp Info: Setting dayroms sub-encoding to TS1/3 on input line 304.

Package textcomp Info: Setting pxr sub-encoding to TS1/0 on input line 305.
Package textcomp Info: Setting pxss sub-encoding to TS1/0 on input line 306.
Package textcomp Info: Setting pxtt sub-encoding to TS1/0 on input line 307.
Package textcomp Info: Setting txr sub-encoding to TS1/0 on input line 308.
Package textcomp Info: Setting txss sub-encoding to TS1/0 on input line 309.
Package textcomp Info: Setting txtt sub-encoding to TS1/0 on input line 310.
Package textcomp Info: Setting futs sub-encoding to TS1/4 on input line 311.
Package textcomp Info: Setting futx sub-encoding to TS1/4 on input line 312.
Package textcomp Info: Setting futj sub-encoding to TS1/4 on input line 313.
Package textcomp Info: Setting hlh sub-encoding to TS1/3 on input line 314.
Package textcomp Info: Setting hls sub-encoding to TS1/3 on input line 315.
Package textcomp Info: Setting hlst sub-encoding to TS1/3 on input line 316.
Package textcomp Info: Setting hlct sub-encoding to TS1/5 on input line 317.
Package textcomp Info: Setting hlx sub-encoding to TS1/5 on input line 318.
Package textcomp Info: Setting hlce sub-encoding to TS1/5 on input line 319.
Package textcomp Info: Setting hlcn sub-encoding to TS1/5 on input line 320.
Package textcomp Info: Setting hlcw sub-encoding to TS1/5 on input line 321.
Package textcomp Info: Setting hlcf sub-encoding to TS1/5 on input line 322.
Package textcomp Info: Setting pplx sub-encoding to TS1/3 on input line 323.
Package textcomp Info: Setting pplj sub-encoding to TS1/3 on input line 324.
Package textcomp Info: Setting ptmx sub-encoding to TS1/4 on input line 325.
Package textcomp Info: Setting ptmj sub-encoding to TS1/4 on input line 326.
)
(/usr/share/texmf-texlive/tex/latex/listings/lstlang1.sty
File: lstlang1.sty 2004/09/05 1.3 listings language file
)
(/usr/share/texmf-texlive/tex/latex/listings/lstlang1.sty
File: lstlang1.sty 2004/09/05 1.3 listings language file
)
(/usr/share/texmf-texlive/tex/latex/listings/lstmisc.sty
File: lstmisc.sty 2007/02/22 1.4 (Carsten Heinz)
) (./report.aux)
\openout1 = `report.aux'.

LaTeX Font Info:    Checking defaults for OML/cmm/m/it on input line 122.
LaTeX Font Info:    ... okay on input line 122.
LaTeX Font Info:    Checking defaults for T1/cmr/m/n on input line 122.
LaTeX Font Info:    ... okay on input line 122.
LaTeX Font Info:    Checking defaults for OT1/cmr/m/n on input line 122.
LaTeX Font Info:    ... okay on input line 122.
LaTeX Font Info:    Checking defaults for OMS/cmsy/m/n on input line 122.
LaTeX Font Info:    ... okay on input line 122.
LaTeX Font Info:    Checking defaults for OMX/cmex/m/n on input line 122.
LaTeX Font Info:    ... okay on input line 122.
LaTeX Font Info:    Checking defaults for U/cmr/m/n on input line 122.
LaTeX Font Info:    ... okay on input line 122.
LaTeX Font Info:    Checking defaults for PD1/pdf/m/n on input line 122.
LaTeX Font Info:    ... okay on input line 122.
LaTeX Font Info:    Checking defaults for TS1/cmr/m/n on input line 122.
LaTeX Font Info:    Try loading font information for TS1+cmr on input line 122.


(/usr/share/texmf-texlive/tex/latex/base/ts1cmr.fd
File: ts1cmr.fd 1999/05/25 v2.5h Standard LaTeX font definitions
)
LaTeX Font Info:    ... okay on input line 122.
Class revtex4 Info: Patching LaTeX tabular. on input line 122.
Class revtex4 Info: cite was not loaded (OK!) on input line 122.
Class revtex4 Info: multicol was not loaded (OK!) on input line 122.

(/usr/share/texmf-texlive/tex/context/base/supp-pdf.mkii
[Loading MPS to PDF converter (version 2006.09.02).]
\scratchcounter=\count129
\scratchdimen=\dimen122
\scratchbox=\box40
\nofMPsegments=\count130
\nofMParguments=\count131
\everyMPshowfont=\toks34
\MPscratchCnt=\count132
\MPscratchDim=\dimen123
\MPnumerator=\count133
\everyMPtoPDFconversion=\toks35
)
Package hyperref Info: Link coloring ON on input line 122.
 (/usr/share/texmf-texlive/tex/latex/hyperref/nameref.sty
Package: nameref 2007/05/29 v2.31 Cross-referencing by name of section

(/usr/share/texmf-texlive/tex/latex/oberdiek/refcount.sty
Package: refcount 2008/08/11 v3.1 Data extraction from references (HO)
)
\c@section@level=\count134
)
LaTeX Info: Redefining \ref on input line 122.
LaTeX Info: Redefining \pageref on input line 122.
 (./report.out)
(./report.out)
\@outlinefile=\write3
\openout3 = `report.out'.

\AtBeginShipoutBox=\box41
\c@lstlisting=\count135
LaTeX Font Info:    Try loading font information for U+msa on input line 129.
 (/usr/share/texmf-texlive/tex/latex/amsfonts/umsa.fd
File: umsa.fd 2009/06/22 v3.00 AMS symbols A
)
LaTeX Font Info:    Try loading font information for U+msb on input line 129.

(/usr/share/texmf-texlive/tex/latex/amsfonts/umsb.fd
File: umsb.fd 2009/06/22 v3.00 AMS symbols B
)

Package amsmath Warning: Foreign command \over;
(amsmath)                \frac or \genfrac should be used instead
(amsmath)                 on input line 137.

[1{/var/lib/texmf/fonts/map/pdftex/updmap/pdftex.map}] [2]
Package epstopdf Info: Source file: <figures/errors.eps>
(epstopdf)                    date: 2013-05-18 14:38:14
(epstopdf)                    size: 13980 bytes
(epstopdf)             Output file: <figures/errors-eps-converted-to.pdf>
(epstopdf)                    date: 2013-05-18 14:43:23
(epstopdf)                    size: 11303 bytes
(epstopdf)             Command: <epstopdf --outfile=figures/errors-eps-converte
d-to.pdf figures/errors.eps>
(epstopdf)             \includegraphics on input line 261.
Package epstopdf Info: Output file is already uptodate.

<figures/errors-eps-converted-to.pdf, id=141, 564.1075pt x 418.56375pt>
File: figures/errors-eps-converted-to.pdf Graphic file (type pdf)

<use figures/errors-eps-converted-to.pdf>
Overfull \hbox (10.0748pt too wide) in paragraph at lines 261--262
 [][] 
 []

[3 <./figures/errors-eps-converted-to.pdf>] [4]
Package epstopdf Info: Source file: <figures/addaptiveplot1.eps>
(epstopdf)                    date: 2013-05-19 17:16:15
(epstopdf)                    size: 12902 bytes
(epstopdf)             Output file: <figures/addaptiveplot1-eps-converted-to.pd
f>
(epstopdf)                    date: 2013-05-19 20:44:11
(epstopdf)                    size: 8127 bytes
(epstopdf)             Command: <epstopdf --outfile=figures/addaptiveplot1-eps-
converted-to.pdf figures/addaptiveplot1.eps>
(epstopdf)             \includegraphics on input line 464.
Package epstopdf Info: Output file is already uptodate.

<figures/addaptiveplot1-eps-converted-to.pdf, id=194, 421.575pt x 317.185pt>
File: figures/addaptiveplot1-eps-converted-to.pdf Graphic file (type pdf)

<use figures/addaptiveplot1-eps-converted-to.pdf>
Package epstopdf Info: Source file: <figures/addaptiveplot2.eps>
(epstopdf)                    date: 2013-05-19 20:25:19
(epstopdf)                    size: 195258 bytes
(epstopdf)             Output file: <figures/addaptiveplot2-eps-converted-to.pd
f>
(epstopdf)                    date: 2013-05-19 20:44:11
(epstopdf)                    size: 36478 bytes
(epstopdf)             Command: <epstopdf --outfile=figures/addaptiveplot2-eps-
converted-to.pdf figures/addaptiveplot2.eps>
(epstopdf)             \includegraphics on input line 470.
Package epstopdf Info: Output file is already uptodate.

<figures/addaptiveplot2-eps-converted-to.pdf, id=197, 517.935pt x 295.1025pt>
File: figures/addaptiveplot2-eps-converted-to.pdf Graphic file (type pdf)

<use figures/addaptiveplot2-eps-converted-to.pdf>
Overfull \hbox (41.97734pt too wide) detected at line 478
[][]\OMS/cmsy/m/n/10 h\OML/cmm/m/it/10 E\OMS/cmsy/m/n/10 i \OT1/cmr/m/n/10 = 2 
[]
 []

[5]

LaTeX Warning: A float is stuck (cannot be placed) on input line 492.


LaTeX Warning: A float is stuck (cannot be placed) on input line 492.


Class revtex4 Warning: Deferred float stuck during \clearpage processing.

<figures/blockingex.png, id=225, 586.8324pt x 442.2924pt>
File: figures/blockingex.png Graphic file (type png)

<use figures/blockingex.png>
Package epstopdf Info: Source file: <figures/blockingdt.eps>
(epstopdf)                    date: 2013-05-20 12:54:54
(epstopdf)                    size: 39185 bytes
(epstopdf)             Output file: <figures/blockingdt-eps-converted-to.pdf>
(epstopdf)                    date: 2013-05-20 12:59:42
(epstopdf)                    size: 32096 bytes
(epstopdf)             Command: <epstopdf --outfile=figures/blockingdt-eps-conv
erted-to.pdf figures/blockingdt.eps>
(epstopdf)             \includegraphics on input line 516.
Package epstopdf Info: Output file is already uptodate.

<figures/blockingdt-eps-converted-to.pdf, id=229, 564.1075pt x 402.50375pt>
File: figures/blockingdt-eps-converted-to.pdf Graphic file (type pdf)

<use figures/blockingdt-eps-converted-to.pdf>

Package hyperref Warning: Token not allowed in a PDF string (PDFDocEncoding):
(hyperref)                removing `math shift' on input line 520.


Package hyperref Warning: Token not allowed in a PDF string (PDFDocEncoding):
(hyperref)                removing `math shift' on input line 520.


Package hyperref Warning: Token not allowed in a PDF string (PDFDocEncoding):
(hyperref)                removing `math shift' on input line 520.


Package hyperref Warning: Token not allowed in a PDF string (PDFDocEncoding):
(hyperref)                removing `math shift' on input line 520.


Package hyperref Warning: Token not allowed in a PDF string (PDFDocEncoding):
(hyperref)                removing `math shift' on input line 520.


Package hyperref Warning: Token not allowed in a PDF string (PDFDocEncoding):
(hyperref)                removing `math shift' on input line 520.


Package hyperref Warning: Token not allowed in a PDF string (PDFDocEncoding):
(hyperref)                removing `math shift' on input line 520.


Package hyperref Warning: Token not allowed in a PDF string (PDFDocEncoding):
(hyperref)                removing `subscript' on input line 520.


Package hyperref Warning: Token not allowed in a PDF string (PDFDocEncoding):
(hyperref)                removing `math shift' on input line 520.


Package hyperref Warning: Token not allowed in a PDF string (PDFDocEncoding):
(hyperref)                removing `math shift' on input line 520.


Package hyperref Warning: Token not allowed in a PDF string (PDFDocEncoding):
(hyperref)                removing `subscript' on input line 520.


Package hyperref Warning: Token not allowed in a PDF string (PDFDocEncoding):
(hyperref)                removing `math shift' on input line 520.

[6 <./figures/addaptiveplot1-eps-converted-to.pdf> <./figures/addaptiveplot2-ep
s-converted-to.pdf> <./figures/blockingex.png>]

LaTeX Warning: A float is stuck (cannot be placed) on input line 525.


LaTeX Warning: A float is stuck (cannot be placed) on input line 525.


Class revtex4 Warning: Deferred float stuck during \clearpage processing.

Package epstopdf Info: Source file: <figures/Rvar1.eps>
(epstopdf)                    date: 2013-05-21 18:20:02
(epstopdf)                    size: 18978 bytes
(epstopdf)             Output file: <figures/Rvar1-eps-converted-to.pdf>
(epstopdf)                    date: 2013-05-21 18:35:53
(epstopdf)                    size: 14072 bytes
(epstopdf)             Command: <epstopdf --outfile=figures/Rvar1-eps-converted
-to.pdf figures/Rvar1.eps>
(epstopdf)             \includegraphics on input line 531.
Package epstopdf Info: Output file is already uptodate.
<figures/Rvar1-eps-converted-to.pdf, id=259, 449.68pt x 338.26375pt>
File: figures/Rvar1-eps-converted-to.pdf Graphic file (type pdf)

<use figures/Rvar1-eps-converted-to.pdf> [7 <./figures/blockingdt-eps-converted
-to.pdf> <./figures/Rvar1-eps-converted-to.pdf>]
Package epstopdf Info: Source file: <figures/densities/Herad.eps>
(epstopdf)                    date: 2013-05-20 16:10:52
(epstopdf)                    size: 35582 bytes
(epstopdf)             Output file: <figures/densities/Herad-eps-converted-to.p
df>
(epstopdf)                    date: 2013-05-20 16:49:17
(epstopdf)                    size: 21474 bytes
(epstopdf)             Command: <epstopdf --outfile=figures/densities/Herad-eps
-converted-to.pdf figures/densities/Herad.eps>
(epstopdf)             \includegraphics on input line 592.
Package epstopdf Info: Output file is already uptodate.

<figures/densities/Herad-eps-converted-to.pdf, id=291, 587.19376pt x 442.65375p
t>
File: figures/densities/Herad-eps-converted-to.pdf Graphic file (type pdf)
 <use figures/densities/Herad-eps-converted-to.pdf>
Package epstopdf Info: Source file: <figures/densities/Hex.eps>
(epstopdf)                    date: 2013-05-15 10:40:58
(epstopdf)                    size: 24878 bytes
(epstopdf)             Output file: <figures/densities/Hex-eps-converted-to.pdf
>
(epstopdf)                    date: 2013-05-15 11:00:14
(epstopdf)                    size: 15317 bytes
(epstopdf)             Command: <epstopdf --outfile=figures/densities/Hex-eps-c
onverted-to.pdf figures/densities/Hex.eps>
(epstopdf)             \includegraphics on input line 596.
Package epstopdf Info: Output file is already uptodate.

<figures/densities/Hex-eps-converted-to.pdf, id=292, 587.19376pt x 442.65375pt>
File: figures/densities/Hex-eps-converted-to.pdf Graphic file (type pdf)
<use figures/densities/Hex-eps-converted-to.pdf>
Package epstopdf Info: Source file: <figures/densities/Hexy.eps>
(epstopdf)                    date: 2013-05-15 10:41:27
(epstopdf)                    size: 1543225 bytes
(epstopdf)             Output file: <figures/densities/Hexy-eps-converted-to.pd
f>
(epstopdf)                    date: 2013-05-15 11:00:15
(epstopdf)                    size: 47804 bytes
(epstopdf)             Command: <epstopdf --outfile=figures/densities/Hexy-eps-
converted-to.pdf figures/densities/Hexy.eps>
(epstopdf)             \includegraphics on input line 600.
Package epstopdf Info: Output file is already uptodate.

<figures/densities/Hexy-eps-converted-to.pdf, id=293, 587.19376pt x 442.65375pt
>
File: figures/densities/Hexy-eps-converted-to.pdf Graphic file (type pdf)
 <use figures/densities/Hexy-eps-converted-to.pdf>
<figures/densities/Hexyz.png, id=294, 401.5pt x 321.2pt>
File: figures/densities/Hexyz.png Graphic file (type png)

<use figures/densities/Hexyz.png>

LaTeX Warning: Float too large for page by 23.09763pt on input line 607.

Package epstopdf Info: Source file: <figures/densities/Berad.eps>
(epstopdf)                    date: 2013-05-20 17:54:03
(epstopdf)                    size: 36930 bytes
(epstopdf)             Output file: <figures/densities/Berad-eps-converted-to.p
df>
(epstopdf)                    date: 2013-05-20 17:54:36
(epstopdf)                    size: 21580 bytes
(epstopdf)             Command: <epstopdf --outfile=figures/densities/Berad-eps
-converted-to.pdf figures/densities/Berad.eps>
(epstopdf)             \includegraphics on input line 613.
Package epstopdf Info: Output file is already uptodate.

<figures/densities/Berad-eps-converted-to.pdf, id=295, 587.19376pt x 442.65375p
t>
File: figures/densities/Berad-eps-converted-to.pdf Graphic file (type pdf)
 <use figures/densities/Berad-eps-converted-to.pdf>
Package epstopdf Info: Source file: <figures/densities/Bex.eps>
(epstopdf)                    date: 2013-05-15 10:44:47
(epstopdf)                    size: 28495 bytes
(epstopdf)             Output file: <figures/densities/Bex-eps-converted-to.pdf
>
(epstopdf)                    date: 2013-05-15 11:00:15
(epstopdf)                    size: 17861 bytes
(epstopdf)             Command: <epstopdf --outfile=figures/densities/Bex-eps-c
onverted-to.pdf figures/densities/Bex.eps>
(epstopdf)             \includegraphics on input line 617.
Package epstopdf Info: Output file is already uptodate.

<figures/densities/Bex-eps-converted-to.pdf, id=296, 587.19376pt x 442.65375pt>
File: figures/densities/Bex-eps-converted-to.pdf Graphic file (type pdf)
<use figures/densities/Bex-eps-converted-to.pdf>
Package epstopdf Info: Source file: <figures/densities/Bexy.eps>
(epstopdf)                    date: 2013-05-15 10:46:14
(epstopdf)                    size: 1558904 bytes
(epstopdf)             Output file: <figures/densities/Bexy-eps-converted-to.pd
f>
(epstopdf)                    date: 2013-05-15 11:00:16
(epstopdf)                    size: 84170 bytes
(epstopdf)             Command: <epstopdf --outfile=figures/densities/Bexy-eps-
converted-to.pdf figures/densities/Bexy.eps>
(epstopdf)             \includegraphics on input line 621.
Package epstopdf Info: Output file is already uptodate.

<figures/densities/Bexy-eps-converted-to.pdf, id=297, 587.19376pt x 442.65375pt
>
File: figures/densities/Bexy-eps-converted-to.pdf Graphic file (type pdf)
 <use figures/densities/Bexy-eps-converted-to.pdf>
<figures/densities/Bexyz.png, id=298, 401.5pt x 321.2pt>
File: figures/densities/Bexyz.png Graphic file (type png)

<use figures/densities/Bexyz.png>

LaTeX Warning: Float too large for page by 23.09763pt on input line 628.

Package epstopdf Info: Source file: <figures/densities/Nerad.eps>
(epstopdf)                    date: 2013-05-20 19:13:21
(epstopdf)                    size: 37472 bytes
(epstopdf)             Output file: <figures/densities/Nerad-eps-converted-to.p
df>
(epstopdf)                    date: 2013-05-20 19:15:13
(epstopdf)                    size: 20986 bytes
(epstopdf)             Command: <epstopdf --outfile=figures/densities/Nerad-eps
-converted-to.pdf figures/densities/Nerad.eps>
(epstopdf)             \includegraphics on input line 634.
Package epstopdf Info: Output file is already uptodate.

<figures/densities/Nerad-eps-converted-to.pdf, id=299, 587.19376pt x 442.65375p
t>
File: figures/densities/Nerad-eps-converted-to.pdf Graphic file (type pdf)
 <use figures/densities/Nerad-eps-converted-to.pdf>
Package epstopdf Info: Source file: <figures/densities/Nex.eps>
(epstopdf)                    date: 2013-05-15 10:52:36
(epstopdf)                    size: 24013 bytes
(epstopdf)             Output file: <figures/densities/Nex-eps-converted-to.pdf
>
(epstopdf)                    date: 2013-05-15 11:00:16
(epstopdf)                    size: 14778 bytes
(epstopdf)             Command: <epstopdf --outfile=figures/densities/Nex-eps-c
onverted-to.pdf figures/densities/Nex.eps>
(epstopdf)             \includegraphics on input line 638.
Package epstopdf Info: Output file is already uptodate.

<figures/densities/Nex-eps-converted-to.pdf, id=300, 587.19376pt x 442.65375pt>
File: figures/densities/Nex-eps-converted-to.pdf Graphic file (type pdf)
<use figures/densities/Nex-eps-converted-to.pdf>
Package epstopdf Info: Source file: <figures/densities/Nexy.eps>
(epstopdf)                    date: 2013-05-15 10:53:40
(epstopdf)                    size: 1465364 bytes
(epstopdf)             Output file: <figures/densities/Nexy-eps-converted-to.pd
f>
(epstopdf)                    date: 2013-05-15 11:00:17
(epstopdf)                    size: 37045 bytes
(epstopdf)             Command: <epstopdf --outfile=figures/densities/Nexy-eps-
converted-to.pdf figures/densities/Nexy.eps>
(epstopdf)             \includegraphics on input line 642.
Package epstopdf Info: Output file is already uptodate.

<figures/densities/Nexy-eps-converted-to.pdf, id=301, 587.19376pt x 442.65375pt
>
File: figures/densities/Nexy-eps-converted-to.pdf Graphic file (type pdf)
 <use figures/densities/Nexy-eps-converted-to.pdf>
<figures/densities/Nexyz.png, id=302, 401.5pt x 321.2pt>
File: figures/densities/Nexyz.png Graphic file (type png)

<use figures/densities/Nexyz.png>

LaTeX Warning: Float too large for page by 23.09763pt on input line 649.

Package epstopdf Info: Source file: <figures/densities/H2rad.eps>
(epstopdf)                    date: 2013-05-15 11:15:34
(epstopdf)                    size: 23689 bytes
(epstopdf)             Output file: <figures/densities/H2rad-eps-converted-to.p
df>
(epstopdf)                    date: 2013-05-15 11:43:18
(epstopdf)                    size: 15962 bytes
(epstopdf)             Command: <epstopdf --outfile=figures/densities/H2rad-eps
-converted-to.pdf figures/densities/H2rad.eps>
(epstopdf)             \includegraphics on input line 656.
Package epstopdf Info: Output file is already uptodate.

<figures/densities/H2rad-eps-converted-to.pdf, id=303, 587.19376pt x 442.65375p
t>
File: figures/densities/H2rad-eps-converted-to.pdf Graphic file (type pdf)
 <use figures/densities/H2rad-eps-converted-to.pdf>
Package epstopdf Info: Source file: <figures/densities/H2x.eps>
(epstopdf)                    date: 2013-05-15 11:19:54
(epstopdf)                    size: 26663 bytes
(epstopdf)             Output file: <figures/densities/H2x-eps-converted-to.pdf
>
(epstopdf)                    date: 2013-05-15 11:43:19
(epstopdf)                    size: 16551 bytes
(epstopdf)             Command: <epstopdf --outfile=figures/densities/H2x-eps-c
onverted-to.pdf figures/densities/H2x.eps>
(epstopdf)             \includegraphics on input line 660.
Package epstopdf Info: Output file is already uptodate.

<figures/densities/H2x-eps-converted-to.pdf, id=304, 587.19376pt x 442.65375pt>
File: figures/densities/H2x-eps-converted-to.pdf Graphic file (type pdf)
<use figures/densities/H2x-eps-converted-to.pdf>
Package epstopdf Info: Source file: <figures/densities/H2xy.eps>
(epstopdf)                    date: 2013-05-15 11:20:30
(epstopdf)                    size: 1541964 bytes
(epstopdf)             Output file: <figures/densities/H2xy-eps-converted-to.pd
f>
(epstopdf)                    date: 2013-05-15 11:43:19
(epstopdf)                    size: 88682 bytes
(epstopdf)             Command: <epstopdf --outfile=figures/densities/H2xy-eps-
converted-to.pdf figures/densities/H2xy.eps>
(epstopdf)             \includegraphics on input line 664.
Package epstopdf Info: Output file is already uptodate.

<figures/densities/H2xy-eps-converted-to.pdf, id=305, 587.19376pt x 442.65375pt
>
File: figures/densities/H2xy-eps-converted-to.pdf Graphic file (type pdf)
 <use figures/densities/H2xy-eps-converted-to.pdf>
<figures/densities/H2xyz.png, id=306, 401.5pt x 321.2pt>
File: figures/densities/H2xyz.png Graphic file (type png)

<use figures/densities/H2xyz.png>

LaTeX Warning: Float too large for page by 1.34761pt on input line 671.

Package epstopdf Info: Source file: <figures/densities/H2mrad.eps>
(epstopdf)                    date: 2013-05-21 13:59:49
(epstopdf)                    size: 25108 bytes
(epstopdf)             Output file: <figures/densities/H2mrad-eps-converted-to.
pdf>
(epstopdf)                    date: 2013-05-21 16:05:19
(epstopdf)                    size: 15752 bytes
(epstopdf)             Command: <epstopdf --outfile=figures/densities/H2mrad-ep
s-converted-to.pdf figures/densities/H2mrad.eps>
(epstopdf)             \includegraphics on input line 677.
Package epstopdf Info: Output file is already uptodate.

<figures/densities/H2mrad-eps-converted-to.pdf, id=307, 587.19376pt x 442.65375
pt>
File: figures/densities/H2mrad-eps-converted-to.pdf Graphic file (type pdf)
 <use figures/densities/H2mrad-eps-converted-to.pdf>
Package epstopdf Info: Source file: <figures/densities/H2mx.eps>
(epstopdf)                    date: 2013-05-21 14:00:09
(epstopdf)                    size: 21743 bytes
(epstopdf)             Output file: <figures/densities/H2mx-eps-converted-to.pd
f>
(epstopdf)                    date: 2013-05-21 16:05:19
(epstopdf)                    size: 15241 bytes
(epstopdf)             Command: <epstopdf --outfile=figures/densities/H2mx-eps-
converted-to.pdf figures/densities/H2mx.eps>
(epstopdf)             \includegraphics on input line 681.
Package epstopdf Info: Output file is already uptodate.

<figures/densities/H2mx-eps-converted-to.pdf, id=308, 587.19376pt x 442.65375pt
>
File: figures/densities/H2mx-eps-converted-to.pdf Graphic file (type pdf)
 <use figures/densities/H2mx-eps-converted-to.pdf>
Package epstopdf Info: Source file: <figures/densities/H2mxy.eps>
(epstopdf)                    date: 2013-05-21 14:00:32
(epstopdf)                    size: 1537902 bytes
(epstopdf)             Output file: <figures/densities/H2mxy-eps-converted-to.p
df>
(epstopdf)                    date: 2013-05-21 16:05:20
(epstopdf)                    size: 55134 bytes
(epstopdf)             Command: <epstopdf --outfile=figures/densities/H2mxy-eps
-converted-to.pdf figures/densities/H2mxy.eps>
(epstopdf)             \includegraphics on input line 685.
Package epstopdf Info: Output file is already uptodate.

<figures/densities/H2mxy-eps-converted-to.pdf, id=309, 587.19376pt x 442.65375p
t>
File: figures/densities/H2mxy-eps-converted-to.pdf Graphic file (type pdf)
 <use figures/densities/H2mxy-eps-converted-to.pdf>
<figures/densities/H2mxyz.png, id=310, 401.5pt x 321.2pt>
File: figures/densities/H2mxyz.png Graphic file (type png)

<use figures/densities/H2mxyz.png>

LaTeX Warning: Float too large for page by 1.34761pt on input line 692.

Package epstopdf Info: Source file: <figures/densities/Be2rad.eps>
(epstopdf)                    date: 2013-05-16 11:00:47
(epstopdf)                    size: 24505 bytes
(epstopdf)             Output file: <figures/densities/Be2rad-eps-converted-to.
pdf>
(epstopdf)                    date: 2013-05-16 11:11:47
(epstopdf)                    size: 15931 bytes
(epstopdf)             Command: <epstopdf --outfile=figures/densities/Be2rad-ep
s-converted-to.pdf figures/densities/Be2rad.eps>
(epstopdf)             \includegraphics on input line 698.
Package epstopdf Info: Output file is already uptodate.

<figures/densities/Be2rad-eps-converted-to.pdf, id=311, 587.19376pt x 442.65375
pt>
File: figures/densities/Be2rad-eps-converted-to.pdf Graphic file (type pdf)
 <use figures/densities/Be2rad-eps-converted-to.pdf>
Package epstopdf Info: Source file: <figures/densities/Be2x.eps>
(epstopdf)                    date: 2013-05-16 11:03:20
(epstopdf)                    size: 21633 bytes
(epstopdf)             Output file: <figures/densities/Be2x-eps-converted-to.pd
f>
(epstopdf)                    date: 2013-05-16 11:11:47
(epstopdf)                    size: 14852 bytes
(epstopdf)             Command: <epstopdf --outfile=figures/densities/Be2x-eps-
converted-to.pdf figures/densities/Be2x.eps>
(epstopdf)             \includegraphics on input line 702.
Package epstopdf Info: Output file is already uptodate.

<figures/densities/Be2x-eps-converted-to.pdf, id=312, 587.19376pt x 442.65375pt
>
File: figures/densities/Be2x-eps-converted-to.pdf Graphic file (type pdf)
 <use figures/densities/Be2x-eps-converted-to.pdf>
Package epstopdf Info: Source file: <figures/densities/Be2xy.eps>
(epstopdf)                    date: 2013-05-16 11:04:12
(epstopdf)                    size: 1347343 bytes
(epstopdf)             Output file: <figures/densities/Be2xy-eps-converted-to.p
df>
(epstopdf)                    date: 2013-05-16 11:11:48
(epstopdf)                    size: 49594 bytes
(epstopdf)             Command: <epstopdf --outfile=figures/densities/Be2xy-eps
-converted-to.pdf figures/densities/Be2xy.eps>
(epstopdf)             \includegraphics on input line 706.
Package epstopdf Info: Output file is already uptodate.

<figures/densities/Be2xy-eps-converted-to.pdf, id=313, 587.19376pt x 442.65375p
t>
File: figures/densities/Be2xy-eps-converted-to.pdf Graphic file (type pdf)
 <use figures/densities/Be2xy-eps-converted-to.pdf>
<figures/densities/Be2xyz.png, id=314, 401.5pt x 321.2pt>
File: figures/densities/Be2xyz.png Graphic file (type png)

<use figures/densities/Be2xyz.png> [8]

LaTeX Warning: A float is stuck (cannot be placed) on input line 715.


Class revtex4 Warning: Deferred float stuck during \clearpage processing.

[9 <./figures/densities/Herad-eps-converted-to.pdf> <./figures/densities/Hex-ep
s-converted-to.pdf> <./figures/densities/Hexy-eps-converted-to.pdf> <./figures/
densities/Hexyz.png (PNG copy)> <./figures/densities/Berad-eps-converted-to.pdf
> <./figures/densities/Bex-eps-converted-to.pdf> <./figures/densities/Bexy-eps-
converted-to.pdf> <./figures/densities/Bexyz.png (PNG copy)>]

LaTeX Warning: A float is stuck (cannot be placed) on input line 715.


Class revtex4 Warning: Deferred float stuck during \clearpage processing.

[10 <./figures/densities/Nerad-eps-converted-to.pdf> <./figures/densities/Nex-e
ps-converted-to.pdf> <./figures/densities/Nexy-eps-converted-to.pdf> <./figures
/densities/Nexyz.png (PNG copy)> <./figures/densities/H2rad-eps-converted-to.pd
f> <./figures/densities/H2x-eps-converted-to.pdf> <./figures/densities/H2xy-eps
-converted-to.pdf> <./figures/densities/H2xyz.png (PNG copy)>]

LaTeX Warning: A float is stuck (cannot be placed) on input line 715.


Class revtex4 Warning: Deferred float stuck during \clearpage processing.

[11 <./figures/densities/H2mrad-eps-converted-to.pdf> <./figures/densities/H2mx
-eps-converted-to.pdf> <./figures/densities/H2mxy-eps-converted-to.pdf> <./figu
res/densities/H2mxyz.png (PNG copy)> <./figures/densities/Be2rad-eps-converted-
to.pdf> <./figures/densities/Be2x-eps-converted-to.pdf> <./figures/densities/Be
2xy-eps-converted-to.pdf> <./figures/densities/Be2xyz.png (PNG copy)>]
Missing character: There is no Ã in font cmr10!
Missing character: There is no ¸ in font cmr10!
Missing character: There is no Ã in font cmr10!
Missing character: There is no ¸ in font cmr10!

Underfull \hbox (badness 10000) in paragraph at lines 746--747
 [][]\OT1/cmtt/m/n/10 MoleculeOrbital []inherits []Orbital\OT1/cmr/m/n/10 , the

 []


Underfull \hbox (badness 10000) in paragraph at lines 750--751
\OT1/cmr/m/n/10 And overview of pro-gram calls is shown
 []


Underfull \hbox (badness 10000) in paragraph at lines 750--751
\OT1/cmr/m/n/10 in fig-ure [][]13[][]. The code is avail-able at
 []


Overfull \hbox (6.52837pt too wide) in paragraph at lines 750--751
\OT1/cmr/m/n/10 https://github.com/andreavs/fys4411/tree/master/VMC. 
 []

<figures/programview.png, id=877, 1003.49907pt x 931.22906pt>
File: figures/programview.png Graphic file (type png)

<use figures/programview.png>
Overfull \hbox (237.69684pt too wide) in paragraph at lines 755--756
 [][] 
 []

[12] [13 <./figures/programview.png>]
Overfull \hbox (126.81377pt too wide) in paragraph at lines 830--846
 []$[]$ 
 []

[14] [15] [16] (./report.aux) ) 
Here is how much of TeX's memory you used:
 9157 strings out of 493848
 130883 string characters out of 1152824
 262388 words of memory out of 3000000
 12059 multiletter control sequences out of 15000+50000
 13916 words of font info for 52 fonts, out of 3000000 for 9000
 714 hyphenation exceptions out of 8191
 41i,16n,58p,826b,390s stack positions out of 5000i,500n,10000p,200000b,50000s
{/usr/share/texmf/fonts/enc/dvips/cm-super/cm-su
per-ts1.enc}</usr/share/texmf-texlive/fonts/type1/public/amsfonts/cm/cmbx10.pfb
></usr/share/texmf-texlive/fonts/type1/public/amsfonts/cm/cmbx12.pfb></usr/shar
e/texmf-texlive/fonts/type1/public/amsfonts/cm/cmbx6.pfb></usr/share/texmf-texl
ive/fonts/type1/public/amsfonts/cm/cmbx7.pfb></usr/share/texmf-texlive/fonts/ty
pe1/public/amsfonts/cm/cmbx9.pfb></usr/share/texmf-texlive/fonts/type1/public/a
msfonts/cm/cmex10.pfb></usr/share/texmf-texlive/fonts/type1/public/amsfonts/cme
xtra/cmex9.pfb></usr/share/texmf-texlive/fonts/type1/public/amsfonts/cm/cmmi10.
pfb></usr/share/texmf-texlive/fonts/type1/public/amsfonts/cm/cmmi5.pfb></usr/sh
are/texmf-texlive/fonts/type1/public/amsfonts/cm/cmmi6.pfb></usr/share/texmf-te
xlive/fonts/type1/public/amsfonts/cm/cmmi7.pfb></usr/share/texmf-texlive/fonts/
type1/public/amsfonts/cm/cmmi9.pfb></usr/share/texmf-texlive/fonts/type1/public
/amsfonts/cm/cmmib10.pfb></usr/share/texmf-texlive/fonts/type1/public/amsfonts/
cmextra/cmmib7.pfb></usr/share/texmf-texlive/fonts/type1/public/amsfonts/cm/cmr
10.pfb></usr/share/texmf-texlive/fonts/type1/public/amsfonts/cm/cmr5.pfb></usr/
share/texmf-texlive/fonts/type1/public/amsfonts/cm/cmr6.pfb></usr/share/texmf-t
exlive/fonts/type1/public/amsfonts/cm/cmr7.pfb></usr/share/texmf-texlive/fonts/
type1/public/amsfonts/cm/cmr8.pfb></usr/share/texmf-texlive/fonts/type1/public/
amsfonts/cm/cmr9.pfb></usr/share/texmf-texlive/fonts/type1/public/amsfonts/cm/c
msy10.pfb></usr/share/texmf-texlive/fonts/type1/public/amsfonts/cm/cmsy6.pfb></
usr/share/texmf-texlive/fonts/type1/public/amsfonts/cm/cmsy7.pfb></usr/share/te
xmf-texlive/fonts/type1/public/amsfonts/cm/cmsy9.pfb></usr/share/texmf-texlive/
fonts/type1/public/amsfonts/cm/cmti10.pfb></usr/share/texmf-texlive/fonts/type1
/public/amsfonts/cm/cmti9.pfb></usr/share/texmf-texlive/fonts/type1/public/amsf
onts/cm/cmtt10.pfb></usr/share/texmf/fonts/type1/public/cm-super/sfrm1000.pfb>
Output written on report.pdf (16 pages, 1594099 bytes).
PDF statistics:
 1072 PDF objects out of 1200 (max. 8388607)
 184 named destinations out of 1000 (max. 500000)
 324 words of extra memory for PDF output out of 10000 (max. 10000000)

